2024-09-25T21:42:51.179606500 - Classroom <fsec> does not exist.
2024-09-27T15:36:47.373284100 [INFO] Assignment for A has been scheduled: Math_Hw (Due: 2024-10-05)
2024-09-27T15:36:47.377347700 [INFO] Scheduled assignment for classroom: A with title: Math_Hw (Due: 2024-10-05)
2024-09-28T20:05:38.434073500 [INFO] Exited the Virtual Classroom Manager.
2024-09-29T20:17:37.439202500 [INFO] No assignments available.
2024-09-29T20:18:24.128271800 [INFO] Assignment for class has been scheduled: A (Due: Physics)
2024-09-29T20:18:24.129283900 [INFO] Scheduled assignment for classroom: class with title: A (Due: Physics)
2024-09-29T20:18:30.435121200 [INFO] All Assignments:
2024-09-29T20:18:30.449966 [INFO] - Class: class | Assignment: A (Due: Physics, Submitted by: null)
2024-09-29T20:20:13.667858600 [INFO] Exited the Virtual Classroom Manager.
2024-09-29T20:22:10.165889500 [ERROR] Assignment 'HW' for physics does not exist.
2024-09-29T20:22:10.174900800 [INFO] Updated due date for assignment: HW in class: physics
2024-09-29T20:22:34.605942800 [INFO] Assignments for class:
2024-09-29T20:26:13.631436600 [INFO] Classroom Math101 has been created.
2024-09-29T20:26:13.643957500 [INFO] Added classroom: Math101
2024-09-29T20:26:43.173241800 [INFO] Student S123 has been enrolled in Math101.
2024-09-29T20:26:43.174241200 [INFO] Added student: S123 to classroom: Math101
2024-09-29T20:26:52.134766800 [INFO] Assignment for Math101 has been scheduled: Assignment1 (Due: 2024-10-10)
2024-09-29T20:26:52.135740800 [INFO] Scheduled assignment for classroom: Math101 with title: Assignment1 (Due: 2024-10-10)
2024-09-29T20:27:03.260901 [INFO] Assignment 'Assignment1' submitted by Student S123 for Math101.
2024-09-29T20:27:03.261898500 [INFO] Submitted assignment: Assignment1 by student: S123 for class: Math101
2024-09-29T20:27:12.517932200 [INFO] Assignments for Math101:
2024-09-29T20:27:12.522164900 [INFO] - Assignment1 (Due: 2024-10-10, Submitted by: S123)
2024-09-29T20:27:31.489818600 [INFO] All Assignments:
2024-09-29T20:27:31.494817600 [INFO] - Class: Math101 | Assignment: Assignment1 (Due: 2024-10-10, Submitted by: S123)
2024-09-29T20:28:03.508056700 [INFO] Assignment 'Assignment1' for Math101 has a new due date: 2024-10-20
2024-09-29T20:28:03.509077700 [INFO] Updated due date for assignment: Assignment1 in class: Math101
2024-09-29T20:57:02.435827700 [INFO] Classroom Class_1 has been created.
2024-09-29T20:57:02.448949600 [INFO] Added classroom: Class_1
2024-09-29T20:57:13.242780 [INFO] Student S1 has been enrolled in Class_1.
2024-09-29T20:57:13.243787600 [INFO] Added student: S1 to classroom: Class_1
2024-09-29T20:57:21.132503900 [INFO] Student S1 has been enrolled in Class_1.
2024-09-29T20:57:21.132503900 [INFO] Added student: S1 to classroom: Class_1
2024-09-29T20:57:30.648978300 [INFO] Assignment for Class_1 has been scheduled: Math (Due: "2024-10-01")
2024-09-29T20:57:30.650015500 [INFO] Scheduled assignment for classroom: Class_1 with title: Math (Due: "2024-10-01")
2024-09-29T20:57:39.677754600 [INFO] Assignment 'Math' submitted by Student S1 for Class_1.
2024-09-29T20:57:39.678754 [INFO] Submitted assignment: Math by student: S1 for class: Class_1
2024-09-29T20:57:52.289228300 [INFO] Assignments for Class_1:
2024-09-29T20:57:52.292221 [INFO] - Math (Due: "2024-10-01", Submitted by: S1)
2024-09-29T20:57:58.718930900 [INFO] Assignment 'Math' for Class_1 has a new due date: "2024-10-15"
2024-09-29T20:57:58.719986900 [INFO] Updated due date for assignment: Math in class: Class_1
2024-09-29T20:58:03.761381100 [INFO] Exited the Virtual Classroom Manager.
